{"C:\\Users\\adnen\\OneDrive\\Desktop\\algorithm\\isPalaindrom\\index.js": {"path":"C:\\Users\\adnen\\OneDrive\\Desktop\\algorithm\\isPalaindrom\\index.js","all":false,"statementMap":{"0":{"start":{"line":1,"column":0},"end":{"line":1,"column":13}},"1":{"start":{"line":2,"column":0},"end":{"line":2,"column":26}},"2":{"start":{"line":3,"column":0},"end":{"line":3,"column":3}},"3":{"start":{"line":4,"column":0},"end":{"line":4,"column":39}},"4":{"start":{"line":5,"column":0},"end":{"line":5,"column":23}},"5":{"start":{"line":6,"column":0},"end":{"line":6,"column":21}},"6":{"start":{"line":7,"column":0},"end":{"line":7,"column":3}},"7":{"start":{"line":8,"column":0},"end":{"line":8,"column":35}},"8":{"start":{"line":9,"column":0},"end":{"line":9,"column":28}},"9":{"start":{"line":10,"column":0},"end":{"line":10,"column":49}},"10":{"start":{"line":11,"column":0},"end":{"line":11,"column":40}},"11":{"start":{"line":12,"column":0},"end":{"line":12,"column":46}},"12":{"start":{"line":13,"column":0},"end":{"line":13,"column":33}},"13":{"start":{"line":14,"column":0},"end":{"line":14,"column":46}},"14":{"start":{"line":15,"column":0},"end":{"line":15,"column":67}},"15":{"start":{"line":16,"column":0},"end":{"line":16,"column":23}},"16":{"start":{"line":17,"column":0},"end":{"line":17,"column":37}},"17":{"start":{"line":18,"column":0},"end":{"line":18,"column":25}},"18":{"start":{"line":19,"column":0},"end":{"line":19,"column":9}},"19":{"start":{"line":20,"column":0},"end":{"line":20,"column":5}},"20":{"start":{"line":21,"column":0},"end":{"line":21,"column":79}},"21":{"start":{"line":22,"column":0},"end":{"line":22,"column":16}},"22":{"start":{"line":23,"column":0},"end":{"line":23,"column":2}},"23":{"start":{"line":24,"column":0},"end":{"line":24,"column":34}}},"s":{"0":1,"1":1,"2":1,"3":1,"4":1,"5":1,"6":1,"7":1,"8":16,"9":16,"10":16,"11":16,"12":42,"13":42,"14":42,"15":42,"16":42,"17":1,"18":1,"19":42,"20":15,"21":15,"22":1,"23":1},"branchMap":{"0":{"type":"branch","line":1,"loc":{"start":{"line":1,"column":0},"end":{"line":24,"column":34}},"locations":[{"start":{"line":1,"column":0},"end":{"line":24,"column":34}}]},"1":{"type":"branch","line":1,"loc":{"start":{"line":1,"column":0},"end":{"line":24,"column":34}},"locations":[{"start":{"line":1,"column":0},"end":{"line":24,"column":34}}]},"2":{"type":"branch","line":8,"loc":{"start":{"line":8,"column":19},"end":{"line":23,"column":1}},"locations":[{"start":{"line":8,"column":19},"end":{"line":23,"column":1}}]},"3":{"type":"branch","line":12,"loc":{"start":{"line":12,"column":45},"end":{"line":20,"column":5}},"locations":[{"start":{"line":12,"column":45},"end":{"line":20,"column":5}}]},"4":{"type":"branch","line":17,"loc":{"start":{"line":17,"column":36},"end":{"line":19,"column":9}},"locations":[{"start":{"line":17,"column":36},"end":{"line":19,"column":9}}]},"5":{"type":"branch","line":21,"loc":{"start":{"line":21,"column":-2},"end":{"line":23,"column":0}},"locations":[{"start":{"line":21,"column":-2},"end":{"line":23,"column":0}}]}},"b":{"0":[1],"1":[1],"2":[16],"3":[42],"4":[1],"5":[15]},"fnMap":{"0":{"name":"Object.<anonymous>","decl":{"start":{"line":1,"column":0},"end":{"line":24,"column":34}},"loc":{"start":{"line":1,"column":0},"end":{"line":24,"column":34}},"line":1},"1":{"name":"isPalindrome","decl":{"start":{"line":8,"column":19},"end":{"line":23,"column":1}},"loc":{"start":{"line":8,"column":19},"end":{"line":23,"column":1}},"line":8}},"f":{"0":1,"1":16}}
}
